<?xml version="1.0" encoding="UTF-8"?>
<!-- Generated by org.testng.reporters.JUnitReportReporter -->
<testsuite hostname="SS-BNG-040" failures="0" tests="1" name="files.DynamicJson" time="4.131" errors="0" timestamp="2022-08-03T09:52:09 IST" skipped="0">
  <testcase classname="files.DynamicJson" name="addBook" time="4.131"/>
  <system-out/>
</testsuite> <!-- files.DynamicJson -->
